::1 - - [17/Nov/2025:23:20:08 +0000] "GET /api/v1/projects HTTP/1.1" 200 1100 "-" "PostmanRuntime/7.50.0"
::1 - - [17/Nov/2025:23:21:09 +0000] "GET /api/v1/tasks HTTP/1.1" 200 251 "-" "PostmanRuntime/7.50.0"
::1 - - [17/Nov/2025:23:21:15 +0000] "GET /api/v1/team HTTP/1.1" 200 445 "-" "PostmanRuntime/7.50.0"
::1 - - [18/Nov/2025:00:36:06 +0000] "GET /api/v1/report HTTP/1.1" 200 29 "-" "PostmanRuntime/7.50.0"
::1 - - [18/Nov/2025:00:36:46 +0000] "GET /api/v1/report HTTP/1.1" 200 29 "-" "PostmanRuntime/7.50.0"
::1 - - [18/Nov/2025:00:37:21 +0000] "POST /api/v1/tasks HTTP/1.1" 500 102 "-" "PostmanRuntime/7.50.0"
::1 - - [18/Nov/2025:00:37:29 +0000] "POST /api/v1/tasks HTTP/1.1" 201 225 "-" "PostmanRuntime/7.50.0"
::1 - - [18/Nov/2025:00:37:36 +0000] "GET /api/v1/report HTTP/1.1" 200 29 "-" "PostmanRuntime/7.50.0"
::1 - - [18/Nov/2025:00:37:54 +0000] "GET /api/v1/projects HTTP/1.1" 200 1325 "-" "PostmanRuntime/7.50.0"
::1 - - [20/Nov/2025:21:32:40 +0000] "GET /api/v1/report HTTP/1.1" 200 29 "-" "PostmanRuntime/7.49.1"
::1 - - [20/Nov/2025:21:33:09 +0000] "GET /api/v1/projects HTTP/1.1" 200 1325 "-" "PostmanRuntime/7.49.1"
::1 - - [20/Nov/2025:21:35:31 +0000] "GET /api/v1/projects HTTP/1.1" 200 1325 "-" "PostmanRuntime/7.49.1"
::1 - - [20/Nov/2025:21:50:55 +0000] "POST /api/v1/tasks HTTP/1.1" 500 102 "-" "PostmanRuntime/7.49.1"
::1 - - [20/Nov/2025:21:51:03 +0000] "POST /api/v1/tasks HTTP/1.1" 201 223 "-" "PostmanRuntime/7.49.1"
::1 - - [20/Nov/2025:21:51:08 +0000] "GET /api/v1/report HTTP/1.1" 200 29 "-" "PostmanRuntime/7.49.1"
::1 - - [20/Nov/2025:21:58:07 +0000] "GET /api/v1/projects HTTP/1.1" 200 1549 "-" "PostmanRuntime/7.49.1"
::1 - - [20/Nov/2025:22:29:19 +0000] "POST /api/v1/tasks HTTP/1.1" 201 224 "-" "PostmanRuntime/7.49.1"
::1 - - [20/Nov/2025:22:29:24 +0000] "GET /api/v1/tasks HTTP/1.1" 200 926 "-" "PostmanRuntime/7.49.1"
::1 - - [20/Nov/2025:22:29:55 +0000] "GET /api/v1/team HTTP/1.1" 200 525 "-" "PostmanRuntime/7.49.1"
::1 - - [20/Nov/2025:22:31:33 +0000] "PUT /api/v1/tasks/691f963edf6d9d6e3f1f0f0b HTTP/1.1" 200 250 "-" "PostmanRuntime/7.49.1"
::1 - - [20/Nov/2025:22:31:39 +0000] "GET /api/v1/team HTTP/1.1" 200 775 "-" "PostmanRuntime/7.49.1"
::1 - - [20/Nov/2025:22:31:49 +0000] "GET /api/v1/tasks HTTP/1.1" 200 952 "-" "PostmanRuntime/7.49.1"
::1 - - [20/Nov/2025:22:33:48 +0000] "POST /api/v1/projects HTTP/1.1" 201 222 "-" "PostmanRuntime/7.49.1"
::1 - - [20/Nov/2025:22:34:27 +0000] "PUT /api/v1/projects/691f974cdf6d9d6e3f1f0f19 HTTP/1.1" 200 216 "-" "PostmanRuntime/7.49.1"
::1 - - [20/Nov/2025:22:36:39 +0000] "POST /api/v1/team/6919c71dbfc8d3db7369d8ce HTTP/1.1" 404 176 "-" "PostmanRuntime/7.49.1"
::1 - - [20/Nov/2025:22:36:51 +0000] "PUT /api/v1/team/6919c71dbfc8d3db7369d8ce HTTP/1.1" 200 190 "-" "PostmanRuntime/7.49.1"
