2025-11-17T23:13:59.195Z | GET /api/v1/projects | 200 | 157ms
2025-11-17T23:14:36.266Z | POST /api/v1/projects | 201 | 72ms
2025-11-17T23:20:08.646Z | GET /api/v1/projects | 200 | 154ms
2025-11-17T23:21:09.711Z | GET /api/v1/tasks | 200 | 87ms
2025-11-17T23:21:15.629Z | GET /api/v1/team | 200 | 157ms
2025-11-18T00:36:06.322Z | GET /api/v1/report | 200 | 16ms
2025-11-18T00:36:46.592Z | GET /api/v1/report | 200 | 8ms
2025-11-18T00:37:21.488Z | POST /api/v1/tasks | 500 | 81ms
2025-11-18T00:37:29.993Z | POST /api/v1/tasks | 201 | 121ms
2025-11-18T00:37:36.170Z | GET /api/v1/report | 200 | 2ms
2025-11-18T00:37:54.760Z | GET /api/v1/projects | 200 | 1115ms
2025-11-20T21:32:40.232Z | GET /api/v1/report | 200 | 16ms
2025-11-20T21:33:09.197Z | GET /api/v1/projects | 200 | 378ms
2025-11-20T21:35:31.388Z | GET /api/v1/projects | 200 | 341ms
2025-11-20T21:50:55.272Z | POST /api/v1/tasks | 500 | 177ms
2025-11-20T21:51:03.071Z | POST /api/v1/tasks | 201 | 732ms
2025-11-20T21:51:08.188Z | GET /api/v1/report | 200 | 4ms
2025-11-20T21:58:07.656Z | GET /api/v1/projects | 200 | 379ms
2025-11-20T22:29:19.991Z | POST /api/v1/tasks | 201 | 1124ms
2025-11-20T22:29:24.869Z | GET /api/v1/tasks | 200 | 155ms
2025-11-20T22:29:55.217Z | GET /api/v1/team | 200 | 694ms
2025-11-20T22:31:33.412Z | PUT /api/v1/tasks/691f963edf6d9d6e3f1f0f0b | 200 | 633ms
2025-11-20T22:31:39.946Z | GET /api/v1/team | 200 | 705ms
2025-11-20T22:31:49.179Z | GET /api/v1/tasks | 200 | 151ms
2025-11-20T22:33:48.513Z | POST /api/v1/projects | 201 | 165ms
2025-11-20T22:34:27.453Z | PUT /api/v1/projects/691f974cdf6d9d6e3f1f0f19 | 200 | 156ms
2025-11-20T22:36:39.191Z | POST /api/v1/team/6919c71dbfc8d3db7369d8ce | 404 | 5ms
2025-11-20T22:36:51.733Z | PUT /api/v1/team/6919c71dbfc8d3db7369d8ce | 200 | 529ms
